Using pre-set license
Built from '2021.3/staging' branch; Version is '2021.3.7f1 (24e8595d6d43) revision 2418777'; Using compiler version '192829333'; Build Type 'Release'
OS: 'Windows 10  (10.0.19044) 64bit Core' Language: 'tr' Physical Memory: 16268 MB
BatchMode: 1, IsHumanControllingUs: 0, StartBugReporterOnCrash: 0, Is64bit: 1, IsPro: 1

COMMAND LINE ARGUMENTS:
C:\Program Files\Unity\Hub\Editor\2021.3.7f1\Editor\Unity.exe
-adb2
-batchMode
-noUpm
-name
AssetImportWorker0
-projectPath
D:/Game_Project/Oyun Haritası
-logFile
Logs/AssetImportWorker0.log
-srvPort
50247
Successfully changed project path to: D:/Game_Project/Oyun Haritası
D:/Game_Project/Oyun Haritası
[UnityMemory] Configuration Parameters - Can be set up in boot.config
    "memorysetup-bucket-allocator-granularity=16"
    "memorysetup-bucket-allocator-bucket-count=8"
    "memorysetup-bucket-allocator-block-size=33554432"
    "memorysetup-bucket-allocator-block-count=8"
    "memorysetup-main-allocator-block-size=16777216"
    "memorysetup-thread-allocator-block-size=16777216"
    "memorysetup-gfx-main-allocator-block-size=16777216"
    "memorysetup-gfx-thread-allocator-block-size=16777216"
    "memorysetup-cache-allocator-block-size=4194304"
    "memorysetup-typetree-allocator-block-size=2097152"
    "memorysetup-profiler-bucket-allocator-granularity=16"
    "memorysetup-profiler-bucket-allocator-bucket-count=8"
    "memorysetup-profiler-bucket-allocator-block-size=33554432"
    "memorysetup-profiler-bucket-allocator-block-count=8"
    "memorysetup-profiler-allocator-block-size=16777216"
    "memorysetup-profiler-editor-allocator-block-size=1048576"
    "memorysetup-temp-allocator-size-main=16777216"
    "memorysetup-job-temp-allocator-block-size=2097152"
    "memorysetup-job-temp-allocator-block-size-background=1048576"
    "memorysetup-job-temp-allocator-reduction-small-platforms=262144"
    "memorysetup-temp-allocator-size-background-worker=32768"
    "memorysetup-temp-allocator-size-job-worker=262144"
    "memorysetup-temp-allocator-size-preload-manager=33554432"
    "memorysetup-temp-allocator-size-nav-mesh-worker=65536"
    "memorysetup-temp-allocator-size-audio-worker=65536"
    "memorysetup-temp-allocator-size-cloud-worker=32768"
    "memorysetup-temp-allocator-size-gi-baking-worker=262144"
    "memorysetup-temp-allocator-size-gfx=262144"
Refreshing native plugins compatible for Editor in 104.80 ms, found 3 plugins.
Preloading 0 native plugins for Editor in 0.00 ms.
Initialize engine version: 2021.3.7f1 (24e8595d6d43)
[Subsystems] Discovering subsystems at path C:/Program Files/Unity/Hub/Editor/2021.3.7f1/Editor/Data/Resources/UnitySubsystems
[Subsystems] Discovering subsystems at path D:/Game_Project/Oyun Haritası/Assets
GfxDevice: creating device client; threaded=0; jobified=0
Direct3D:
    Version:  Direct3D 11.0 [level 11.0]
    Renderer: NVIDIA GeForce 940MX (ID=0x134d)
    Vendor:   NVIDIA
    VRAM:     2010 MB
    Driver:   31.0.15.1640
Initialize mono
Mono path[0] = 'C:/Program Files/Unity/Hub/Editor/2021.3.7f1/Editor/Data/Managed'
Mono path[1] = 'C:/Program Files/Unity/Hub/Editor/2021.3.7f1/Editor/Data/MonoBleedingEdge/lib/mono/unityjit-win32'
Mono config path = 'C:/Program Files/Unity/Hub/Editor/2021.3.7f1/Editor/Data/MonoBleedingEdge/etc'
Using monoOptions --debugger-agent=transport=dt_socket,embedding=1,server=y,suspend=n,address=127.0.0.1:56224
Begin MonoManager ReloadAssembly
Registering precompiled unity dll's ...
Register platform support module: C:/Program Files/Unity/Hub/Editor/2021.3.7f1/Editor/Data/PlaybackEngines/AndroidPlayer/UnityEditor.Android.Extensions.dll
Register platform support module: C:/Program Files/Unity/Hub/Editor/2021.3.7f1/Editor/Data/PlaybackEngines/WindowsStandaloneSupport/UnityEditor.WindowsStandalone.Extensions.dll
Registered in 0.009075 seconds.
Native extension for WindowsStandalone target not found
Native extension for Android target not found
Refreshing native plugins compatible for Editor in 107.56 ms, found 3 plugins.
Preloading 0 native plugins for Editor in 0.00 ms.
Mono: successfully reloaded assembly
- Completed reload, in  0.758 seconds
Domain Reload Profiling:
	ReloadAssembly (759ms)
		BeginReloadAssembly (87ms)
			ExecutionOrderSort (0ms)
			DisableScriptedObjects (0ms)
			BackupInstance (0ms)
			ReleaseScriptingObjects (0ms)
			CreateAndSetChildDomain (1ms)
		EndReloadAssembly (541ms)
			LoadAssemblies (84ms)
			RebuildTransferFunctionScriptingTraits (0ms)
			SetupTypeCache (121ms)
			ReleaseScriptCaches (0ms)
			RebuildScriptCaches (35ms)
			SetupLoadedEditorAssemblies (327ms)
				LogAssemblyErrors (0ms)
				InitializePlatformSupportModulesInManaged (51ms)
				SetLoadedEditorAssemblies (0ms)
				RefreshPlugins (108ms)
				BeforeProcessingInitializeOnLoad (1ms)
				ProcessInitializeOnLoadAttributes (114ms)
				ProcessInitializeOnLoadMethodAttributes (52ms)
				AfterProcessingInitializeOnLoad (0ms)
				EditorAssembliesLoaded (0ms)
			ExecutionOrderSort2 (0ms)
			AwakeInstancesAfterBackupRestoration (0ms)
Platform modules already initialized, skipping
Registering precompiled user dll's ...
Registered in 0.005035 seconds.
Begin MonoManager ReloadAssembly
Symbol file LoadedFromMemory doesn't match image D:\Game_Project\Oyun Haritası\Library\PackageCache\com.unity.visualscripting@1.7.8\Editor\VisualScripting.Core\Dependencies\YamlDotNet\Unity.VisualScripting.YamlDotNet.dll
Symbol file LoadedFromMemory doesn't match image D:\Game_Project\Oyun Haritası\Library\PackageCache\com.unity.visualscripting@1.7.8\Editor\VisualScripting.Core\Dependencies\DotNetZip\Unity.VisualScripting.IonicZip.dll
Native extension for WindowsStandalone target not found
Native extension for Android target not found
Refreshing native plugins compatible for Editor in 0.66 ms, found 3 plugins.
Preloading 0 native plugins for Editor in 0.00 ms.
Mono: successfully reloaded assembly
- Completed reload, in  1.202 seconds
Domain Reload Profiling:
	ReloadAssembly (1203ms)
		BeginReloadAssembly (121ms)
			ExecutionOrderSort (0ms)
			DisableScriptedObjects (7ms)
			BackupInstance (0ms)
			ReleaseScriptingObjects (0ms)
			CreateAndSetChildDomain (21ms)
		EndReloadAssembly (955ms)
			LoadAssemblies (88ms)
			RebuildTransferFunctionScriptingTraits (0ms)
			SetupTypeCache (320ms)
			ReleaseScriptCaches (1ms)
			RebuildScriptCaches (58ms)
			SetupLoadedEditorAssemblies (442ms)
				LogAssemblyErrors (0ms)
				InitializePlatformSupportModulesInManaged (16ms)
				SetLoadedEditorAssemblies (1ms)
				RefreshPlugins (1ms)
				BeforeProcessingInitializeOnLoad (111ms)
				ProcessInitializeOnLoadAttributes (272ms)
				ProcessInitializeOnLoadMethodAttributes (32ms)
				AfterProcessingInitializeOnLoad (9ms)
				EditorAssembliesLoaded (0ms)
			ExecutionOrderSort2 (0ms)
			AwakeInstancesAfterBackupRestoration (8ms)
Platform modules already initialized, skipping
========================================================================
Worker process is ready to serve import requests
Launched and connected shader compiler UnityShaderCompiler.exe after 0.06 seconds
Refreshing native plugins compatible for Editor in 1.16 ms, found 3 plugins.
Preloading 0 native plugins for Editor in 0.00 ms.
Unloading 3752 Unused Serialized files (Serialized files now loaded: 0)
Unloading 28 unused Assets / (155.2 KB). Loaded Objects now: 4213.
Memory consumption went from 134.2 MB to 134.0 MB.
Total: 3.425900 ms (FindLiveObjects: 0.392900 ms CreateObjectMapping: 0.289100 ms MarkObjects: 2.508900 ms  DeleteObjects: 0.233400 ms)

AssetImportParameters requested are different than current active one (requested -> active):
  custom:video-decoder-ogg-theora: a1e56fd34408186e4bbccfd4996cb3dc -> 
  custom:container-muxer-webm: aa71ff27fc2769a1b78a27578f13a17b -> 
  custom:container-demuxer-webm: 4f35f7cbe854078d1ac9338744f61a02 -> 
  custom:video-encoder-webm-vp8: eb34c28f22e8b96e1ab97ce403110664 -> 
  custom:audio-encoder-webm-vorbis: bf7c407c2cedff20999df2af8eb42d56 -> 
  custom:framework-win-MediaFoundation: 216162199b28c13a410421893ffa2e32 -> 
  custom:container-demuxer-ogg: 62fdf1f143b41e24485cea50d1cbac27 -> 
  custom:video-decoder-webm-vp8: 9c59270c3fd7afecdb556c50c9e8de78 -> 
  custom:audio-decoder-ogg-vorbis: bf7c407c2cedff20999df2af8eb42d56 -> 
========================================================================
Received Import Request.
  Time since last request: 163390.854753 seconds.
  path: Assets/Morgue Room PBR/Models/floor/Materials/lambert1.mat
  artifactKey: Guid(5f4e13ad018640a4c8d8a222073ec51f) Importer(815301076,1909f56bfc062723c751e8b465ee728b)
Start importing Assets/Morgue Room PBR/Models/floor/Materials/lambert1.mat using Guid(5f4e13ad018640a4c8d8a222073ec51f) Importer(815301076,1909f56bfc062723c751e8b465ee728b)  -> (artifact id: '852ed06044bbf6f4a53e4b25b2e8daf1') in 0.261381 seconds 
========================================================================
Received Import Request.
  Time since last request: 0.000025 seconds.
  path: Assets/Morgue Room PBR/Models/floor/Materials/floor_01_mat.mat
  artifactKey: Guid(a7cc9c1f9de481c4bb6d14d30a6f58b3) Importer(815301076,1909f56bfc062723c751e8b465ee728b)
Start importing Assets/Morgue Room PBR/Models/floor/Materials/floor_01_mat.mat using Guid(a7cc9c1f9de481c4bb6d14d30a6f58b3) Importer(815301076,1909f56bfc062723c751e8b465ee728b)  -> (artifact id: 'eca4d473242ea3e85fd3c602cdc7da57') in 0.353315 seconds 
========================================================================
Received Import Request.
  Time since last request: 0.000039 seconds.
  path: Assets/Morgue Room PBR/Models/floor/Materials/ceiling_01_mat.mat
  artifactKey: Guid(9d0b89dd5f51ec6428c88bb296cfa117) Importer(815301076,1909f56bfc062723c751e8b465ee728b)
Start importing Assets/Morgue Room PBR/Models/floor/Materials/ceiling_01_mat.mat using Guid(9d0b89dd5f51ec6428c88bb296cfa117) Importer(815301076,1909f56bfc062723c751e8b465ee728b)  -> (artifact id: '67be5659d23fa27d24db85e4a70018c7') in 0.296137 seconds 
========================================================================
Received Import Request.
  Time since last request: 2240.243706 seconds.
  path: Assets/Morgue Room PBR/Models/wall/door_01.fbx
  artifactKey: Guid(02bb5bf2550e9de4fba1c135aaef0200) Importer(815301076,1909f56bfc062723c751e8b465ee728b)
Start importing Assets/Morgue Room PBR/Models/wall/door_01.fbx using Guid(02bb5bf2550e9de4fba1c135aaef0200) Importer(815301076,1909f56bfc062723c751e8b465ee728b)  -> (artifact id: 'e3c8bbd02064acf2ac57df39723cf012') in 0.149957 seconds 
========================================================================
Received Import Request.
  Time since last request: 0.000032 seconds.
  path: Assets/Morgue Room PBR/Models/wall/wall_piece01.fbx
  artifactKey: Guid(5ad9ee1b19ec3bf4cb86b01d9d07cebc) Importer(815301076,1909f56bfc062723c751e8b465ee728b)
Start importing Assets/Morgue Room PBR/Models/wall/wall_piece01.fbx using Guid(5ad9ee1b19ec3bf4cb86b01d9d07cebc) Importer(815301076,1909f56bfc062723c751e8b465ee728b)  -> (artifact id: 'ac5061f6e18d4ae8a3c26838a8c0dd35') in 0.051647 seconds 
========================================================================
Received Import Request.
  Time since last request: 0.000031 seconds.
  path: Assets/Morgue Room PBR/Models/wall/wall_piece03.fbx
  artifactKey: Guid(9554a543d125890489458687ac5c2129) Importer(815301076,1909f56bfc062723c751e8b465ee728b)
Start importing Assets/Morgue Room PBR/Models/wall/wall_piece03.fbx using Guid(9554a543d125890489458687ac5c2129) Importer(815301076,1909f56bfc062723c751e8b465ee728b)  -> (artifact id: 'd57ef27c30b416bbb7f4e24b6c8ecb2e') in 0.069826 seconds 
========================================================================
Received Import Request.
  Time since last request: 0.000034 seconds.
  path: Assets/Morgue Room PBR/Models/wall/wall_piece02.fbx
  artifactKey: Guid(6f3092583c7e91a448323483ded1851a) Importer(815301076,1909f56bfc062723c751e8b465ee728b)
Start importing Assets/Morgue Room PBR/Models/wall/wall_piece02.fbx using Guid(6f3092583c7e91a448323483ded1851a) Importer(815301076,1909f56bfc062723c751e8b465ee728b)  -> (artifact id: 'd6835353b8fda1665a8de9c093a2e3f8') in 0.051568 seconds 
========================================================================
Received Import Request.
  Time since last request: 0.000024 seconds.
  path: Assets/Morgue Room PBR/Models/wall/wall_piece_drawer_01.fbx
  artifactKey: Guid(5e400555fdb6893428d8e6fc7f6a64dc) Importer(815301076,1909f56bfc062723c751e8b465ee728b)
Start importing Assets/Morgue Room PBR/Models/wall/wall_piece_drawer_01.fbx using Guid(5e400555fdb6893428d8e6fc7f6a64dc) Importer(815301076,1909f56bfc062723c751e8b465ee728b)  -> (artifact id: '31044c22e7cb2499192addac44c981b9') in 0.049224 seconds 
========================================================================
Received Import Request.
  Time since last request: 0.000025 seconds.
  path: Assets/Morgue Room PBR/Models/wall/doubledoor_frame01.fbx
  artifactKey: Guid(1109c1cb853e90c42af15673e7262966) Importer(815301076,1909f56bfc062723c751e8b465ee728b)
Start importing Assets/Morgue Room PBR/Models/wall/doubledoor_frame01.fbx using Guid(1109c1cb853e90c42af15673e7262966) Importer(815301076,1909f56bfc062723c751e8b465ee728b)  -> (artifact id: '1a12fb6a965a2dc2bf4da4b2fea87922') in 0.041838 seconds 
========================================================================
Received Import Request.
  Time since last request: 0.000032 seconds.
  path: Assets/Morgue Room PBR/Models/wall/wall_doubledoor_single.fbx
  artifactKey: Guid(38fba425102dc894888efdd0cc54bb60) Importer(815301076,1909f56bfc062723c751e8b465ee728b)
Start importing Assets/Morgue Room PBR/Models/wall/wall_doubledoor_single.fbx using Guid(38fba425102dc894888efdd0cc54bb60) Importer(815301076,1909f56bfc062723c751e8b465ee728b)  -> (artifact id: '44857226b20cbd9ba8d889e6130c9c2d') in 0.058608 seconds 
========================================================================
Received Import Request.
  Time since last request: 0.000034 seconds.
  path: Assets/Morgue Room PBR/Models/wall/wall_doubledoor_piece01.fbx
  artifactKey: Guid(805c8b6da73978744aab3e8ba63bb9ae) Importer(815301076,1909f56bfc062723c751e8b465ee728b)
Start importing Assets/Morgue Room PBR/Models/wall/wall_doubledoor_piece01.fbx using Guid(805c8b6da73978744aab3e8ba63bb9ae) Importer(815301076,1909f56bfc062723c751e8b465ee728b)  -> (artifact id: 'a4be5b068ec2fd3eeaaaca1950a91819') in 0.050302 seconds 
========================================================================
Received Import Request.
  Time since last request: 0.000021 seconds.
  path: Assets/Morgue Room PBR/Models/wall/wall_corner01.fbx
  artifactKey: Guid(7f3d776ee10437a4aa47a26dd895cb66) Importer(815301076,1909f56bfc062723c751e8b465ee728b)
Start importing Assets/Morgue Room PBR/Models/wall/wall_corner01.fbx using Guid(7f3d776ee10437a4aa47a26dd895cb66) Importer(815301076,1909f56bfc062723c751e8b465ee728b)  -> (artifact id: '4edfe79b23bd5b1eabf999369fd30f2d') in 0.054311 seconds 
========================================================================
Received Import Request.
  Time since last request: 0.000031 seconds.
  path: Assets/Morgue Room PBR/Models/wall/wall_corner02.fbx
  artifactKey: Guid(314f923f0cf37634c82f641025306c37) Importer(815301076,1909f56bfc062723c751e8b465ee728b)
Start importing Assets/Morgue Room PBR/Models/wall/wall_corner02.fbx using Guid(314f923f0cf37634c82f641025306c37) Importer(815301076,1909f56bfc062723c751e8b465ee728b)  -> (artifact id: 'e8db064dfc3d893ae30af22a913c3f4a') in 0.057169 seconds 
========================================================================
Received Import Request.
  Time since last request: 0.850624 seconds.
  path: Assets/Morgue Room PBR/Models/wall/Materials/door_glass.mat
  artifactKey: Guid(6a7b465e8d2553a408e9ff409d5368b5) Importer(815301076,1909f56bfc062723c751e8b465ee728b)
Start importing Assets/Morgue Room PBR/Models/wall/Materials/door_glass.mat using Guid(6a7b465e8d2553a408e9ff409d5368b5) Importer(815301076,1909f56bfc062723c751e8b465ee728b)  -> (artifact id: 'abe573ca01cb7198143657e3112a950c') in 0.028421 seconds 
========================================================================
Received Import Request.
  Time since last request: 0.000024 seconds.
  path: Assets/Morgue Room PBR/Models/wall/Materials/wall_piece_mat01.mat
  artifactKey: Guid(460ad7a7b1ff6df4fa7b847f7e1660f4) Importer(815301076,1909f56bfc062723c751e8b465ee728b)
Start importing Assets/Morgue Room PBR/Models/wall/Materials/wall_piece_mat01.mat using Guid(460ad7a7b1ff6df4fa7b847f7e1660f4) Importer(815301076,1909f56bfc062723c751e8b465ee728b)  -> (artifact id: '7c77afa42da77021cc6c546ae4581b98') in 0.038302 seconds 
========================================================================
Received Import Request.
  Time since last request: 0.000028 seconds.
  path: Assets/Morgue Room PBR/Models/wall/Materials/wall_piece_mat02.mat
  artifactKey: Guid(c036a9c91eb84bc4c93e5dc1e938c49a) Importer(815301076,1909f56bfc062723c751e8b465ee728b)
Start importing Assets/Morgue Room PBR/Models/wall/Materials/wall_piece_mat02.mat using Guid(c036a9c91eb84bc4c93e5dc1e938c49a) Importer(815301076,1909f56bfc062723c751e8b465ee728b)  -> (artifact id: '6b4260df2886b1fdc1d068cec9e15860') in 0.047575 seconds 
========================================================================
Received Import Request.
  Time since last request: 0.000087 seconds.
  path: Assets/Morgue Room PBR/Models/wall/Materials/doorframes_mat.mat
  artifactKey: Guid(4a07eb17452e0be4398aa22d30b4a627) Importer(815301076,1909f56bfc062723c751e8b465ee728b)
Start importing Assets/Morgue Room PBR/Models/wall/Materials/doorframes_mat.mat using Guid(4a07eb17452e0be4398aa22d30b4a627) Importer(815301076,1909f56bfc062723c751e8b465ee728b)  -> (artifact id: '09ae93e9bc354f48306e1e3af6fc16b5') in 0.042203 seconds 
========================================================================
Received Import Request.
  Time since last request: 11.928243 seconds.
  path: Assets/Morgue Room PBR/Models/wall/Materials/New Material.mat
  artifactKey: Guid(c0d4d5a4a2883614cbfc806ae4394d00) Importer(815301076,1909f56bfc062723c751e8b465ee728b)
Start importing Assets/Morgue Room PBR/Models/wall/Materials/New Material.mat using Guid(c0d4d5a4a2883614cbfc806ae4394d00) Importer(815301076,1909f56bfc062723c751e8b465ee728b)  -> (artifact id: '6bbf37f6e6ccdc791dc0961877f1d026') in 0.017850 seconds 
========================================================================
Received Import Request.
  Time since last request: 54.912840 seconds.
  path: Assets/Morgue Room PBR/Models/wall/Materials/New Material 1.mat
  artifactKey: Guid(81f11c790ebed06429966916ecdbf656) Importer(815301076,1909f56bfc062723c751e8b465ee728b)
Start importing Assets/Morgue Room PBR/Models/wall/Materials/New Material 1.mat using Guid(81f11c790ebed06429966916ecdbf656) Importer(815301076,1909f56bfc062723c751e8b465ee728b)  -> (artifact id: 'a995dcc0fc3d49b02e64aa74e2ae5b1e') in 0.019882 seconds 
========================================================================
Received Import Request.
  Time since last request: 15.073454 seconds.
  path: Assets/Morgue Room PBR/Models/wall/Materials/White Death.mat
  artifactKey: Guid(c0d4d5a4a2883614cbfc806ae4394d00) Importer(815301076,1909f56bfc062723c751e8b465ee728b)
Start importing Assets/Morgue Room PBR/Models/wall/Materials/White Death.mat using Guid(c0d4d5a4a2883614cbfc806ae4394d00) Importer(815301076,1909f56bfc062723c751e8b465ee728b)  -> (artifact id: 'db5aa062bfa7accfc6f2147827341a0d') in 0.019407 seconds 
